<?xml version="1.0" encoding="UTF-8"?>
<testng-results ignored="0" total="12" passed="10" failed="1" skipped="1">
  <reporter-output>
  </reporter-output>
  <suite started-at="2025-07-22T19:14:06 IST" name="Suite" finished-at="2025-07-22T19:14:55 IST" duration-ms="48847">
    <groups>
    </groups>
    <test started-at="2025-07-22T19:14:06 IST" name="Test" finished-at="2025-07-22T19:14:55 IST" duration-ms="48847">
      <class name="com.tutorialninja.testcases.RegisterTest">
        <test-method is-config="true" signature="setup()[pri:0, instance:com.tutorialninja.testcases.RegisterTest@4efbca5a]" started-at="2025-07-22T19:14:07 IST" name="setup" finished-at="2025-07-22T19:14:12 IST" duration-ms="5394" status="PASS">
          <reporter-output>
          </reporter-output>
        </test-method> <!-- setup -->
        <test-method signature="verifyRegisteringAccWithAllFields()[pri:0, instance:com.tutorialninja.testcases.RegisterTest@4efbca5a]" started-at="2025-07-22T19:14:12 IST" name="verifyRegisteringAccWithAllFields" finished-at="2025-07-22T19:14:14 IST" duration-ms="1659" status="PASS">
          <reporter-output>
          </reporter-output>
        </test-method> <!-- verifyRegisteringAccWithAllFields -->
        <test-method is-config="true" signature="teatDown()[pri:0, instance:com.tutorialninja.testcases.RegisterTest@4efbca5a]" started-at="2025-07-22T19:14:14 IST" name="teatDown" finished-at="2025-07-22T19:14:14 IST" duration-ms="316" status="PASS">
          <reporter-output>
          </reporter-output>
        </test-method> <!-- teatDown -->
        <test-method is-config="true" signature="setup()[pri:0, instance:com.tutorialninja.testcases.RegisterTest@4efbca5a]" started-at="2025-07-22T19:14:14 IST" name="setup" finished-at="2025-07-22T19:14:17 IST" duration-ms="2960" status="PASS">
          <reporter-output>
          </reporter-output>
        </test-method> <!-- setup -->
        <test-method signature="verifyRegisteringAccWithExistingEmail()[pri:0, instance:com.tutorialninja.testcases.RegisterTest@4efbca5a]" started-at="2025-07-22T19:14:17 IST" name="verifyRegisteringAccWithExistingEmail" finished-at="2025-07-22T19:14:18 IST" duration-ms="1137" status="PASS">
          <reporter-output>
          </reporter-output>
        </test-method> <!-- verifyRegisteringAccWithExistingEmail -->
        <test-method is-config="true" signature="teatDown()[pri:0, instance:com.tutorialninja.testcases.RegisterTest@4efbca5a]" started-at="2025-07-22T19:14:18 IST" name="teatDown" finished-at="2025-07-22T19:14:19 IST" duration-ms="311" status="PASS">
          <reporter-output>
          </reporter-output>
        </test-method> <!-- teatDown -->
        <test-method is-config="true" signature="setup()[pri:0, instance:com.tutorialninja.testcases.RegisterTest@4efbca5a]" started-at="2025-07-22T19:14:19 IST" name="setup" finished-at="2025-07-22T19:14:21 IST" duration-ms="2855" status="PASS">
          <reporter-output>
          </reporter-output>
        </test-method> <!-- setup -->
        <test-method signature="verifyRegisteringAccWithMandFields()[pri:0, instance:com.tutorialninja.testcases.RegisterTest@4efbca5a]" started-at="2025-07-22T19:14:21 IST" name="verifyRegisteringAccWithMandFields" finished-at="2025-07-22T19:14:23 IST" duration-ms="1370" status="PASS">
          <reporter-output>
          </reporter-output>
        </test-method> <!-- verifyRegisteringAccWithMandFields -->
        <test-method is-config="true" signature="teatDown()[pri:0, instance:com.tutorialninja.testcases.RegisterTest@4efbca5a]" started-at="2025-07-22T19:14:23 IST" name="teatDown" finished-at="2025-07-22T19:14:23 IST" duration-ms="283" status="PASS">
          <reporter-output>
          </reporter-output>
        </test-method> <!-- teatDown -->
      </class> <!-- com.tutorialninja.testcases.RegisterTest -->
      <class name="com.tutorialninja.testcases.SearchTest">
        <test-method is-config="true" signature="setup()[pri:0, instance:com.tutorialninja.testcases.SearchTest@3e694b3f]" started-at="2025-07-22T19:14:49 IST" name="setup" finished-at="2025-07-22T19:14:51 IST" duration-ms="2315" status="PASS">
          <reporter-output>
          </reporter-output>
        </test-method> <!-- setup -->
        <test-method signature="VerifyWithInvalidProduct()[pri:0, instance:com.tutorialninja.testcases.SearchTest@3e694b3f]" started-at="2025-07-22T19:14:51 IST" name="VerifyWithInvalidProduct" finished-at="2025-07-22T19:14:52 IST" duration-ms="412" status="FAIL">
          <exception class="java.lang.AssertionError">
            <message>
              <![CDATA[expected [true] but found [false]]]>
            </message>
            <full-stacktrace>
              <![CDATA[java.lang.AssertionError: expected [true] but found [false]
at org.testng.Assert.fail(Assert.java:111)
at org.testng.Assert.failNotEquals(Assert.java:1590)
at org.testng.Assert.assertTrue(Assert.java:57)
at org.testng.Assert.assertTrue(Assert.java:67)
at com.tutorialninja.testcases.SearchTest.VerifyWithInvalidProduct(SearchTest.java:46)
at java.base/jdk.internal.reflect.DirectMethodHandleAccessor.invoke(DirectMethodHandleAccessor.java:103)
at java.base/java.lang.reflect.Method.invoke(Method.java:580)
at org.testng.internal.invokers.MethodInvocationHelper.invokeMethod(MethodInvocationHelper.java:141)
at org.testng.internal.invokers.TestInvoker.invokeMethod(TestInvoker.java:687)
at org.testng.internal.invokers.TestInvoker.invokeTestMethod(TestInvoker.java:230)
at org.testng.internal.invokers.MethodRunner.runInSequence(MethodRunner.java:63)
at org.testng.internal.invokers.TestInvoker$MethodInvocationAgent.invoke(TestInvoker.java:995)
at org.testng.internal.invokers.TestInvoker.invokeTestMethods(TestInvoker.java:203)
at org.testng.internal.invokers.TestMethodWorker.invokeTestMethods(TestMethodWorker.java:154)
at org.testng.internal.invokers.TestMethodWorker.run(TestMethodWorker.java:134)
at java.base/java.util.ArrayList.forEach(ArrayList.java:1596)
at org.testng.TestRunner.privateRun(TestRunner.java:741)
at org.testng.TestRunner.run(TestRunner.java:616)
at org.testng.SuiteRunner.runTest(SuiteRunner.java:421)
at org.testng.SuiteRunner.runSequentially(SuiteRunner.java:413)
at org.testng.SuiteRunner.privateRun(SuiteRunner.java:373)
at org.testng.SuiteRunner.run(SuiteRunner.java:312)
at org.testng.SuiteRunnerWorker.runSuite(SuiteRunnerWorker.java:52)
at org.testng.SuiteRunnerWorker.run(SuiteRunnerWorker.java:95)
at org.testng.TestNG.runSuitesSequentially(TestNG.java:1274)
at org.testng.TestNG.runSuitesLocally(TestNG.java:1208)
at org.testng.TestNG.runSuites(TestNG.java:1112)
at org.testng.TestNG.run(TestNG.java:1079)
at org.apache.maven.surefire.testng.TestNGExecutor.run(TestNGExecutor.java:308)
at org.apache.maven.surefire.testng.TestNGXmlTestSuite.execute(TestNGXmlTestSuite.java:71)
at org.apache.maven.surefire.testng.TestNGProvider.invoke(TestNGProvider.java:113)
at org.apache.maven.surefire.booter.ForkedBooter.runSuitesInProcess(ForkedBooter.java:385)
at org.apache.maven.surefire.booter.ForkedBooter.execute(ForkedBooter.java:162)
at org.apache.maven.surefire.booter.ForkedBooter.run(ForkedBooter.java:507)
at org.apache.maven.surefire.booter.ForkedBooter.main(ForkedBooter.java:495)
]]>
            </full-stacktrace>
          </exception> <!-- java.lang.AssertionError -->
          <reporter-output>
          </reporter-output>
        </test-method> <!-- VerifyWithInvalidProduct -->
        <test-method is-config="true" signature="tearDown()[pri:0, instance:com.tutorialninja.testcases.SearchTest@3e694b3f]" started-at="2025-07-22T19:14:52 IST" name="tearDown" finished-at="2025-07-22T19:14:52 IST" duration-ms="248" status="PASS">
          <reporter-output>
          </reporter-output>
        </test-method> <!-- tearDown -->
        <test-method is-config="true" signature="setup()[pri:0, instance:com.tutorialninja.testcases.SearchTest@3e694b3f]" started-at="2025-07-22T19:14:52 IST" name="setup" finished-at="2025-07-22T19:14:54 IST" duration-ms="2213" status="PASS">
          <reporter-output>
          </reporter-output>
        </test-method> <!-- setup -->
        <test-method signature="verifyWithValidProduct()[pri:0, instance:com.tutorialninja.testcases.SearchTest@3e694b3f]" started-at="2025-07-22T19:14:54 IST" name="verifyWithValidProduct" finished-at="2025-07-22T19:14:55 IST" duration-ms="729" status="PASS">
          <reporter-output>
          </reporter-output>
        </test-method> <!-- verifyWithValidProduct -->
        <test-method is-config="true" signature="tearDown()[pri:0, instance:com.tutorialninja.testcases.SearchTest@3e694b3f]" started-at="2025-07-22T19:14:55 IST" name="tearDown" finished-at="2025-07-22T19:14:55 IST" duration-ms="284" status="PASS">
          <reporter-output>
          </reporter-output>
        </test-method> <!-- tearDown -->
        <test-method signature="verifyWithoutProduct()[pri:0, instance:com.tutorialninja.testcases.SearchTest@3e694b3f]" started-at="2025-07-22T19:14:55 IST" name="verifyWithoutProduct" finished-at="2025-07-22T19:14:55 IST" depends-on-methods="com.tutorialninja.testcases.SearchTest.VerifyWithInvalidProduct" duration-ms="2" status="SKIP">
          <exception class="java.lang.Throwable">
            <message>
              <![CDATA[Method com.tutorialninja.testcases.SearchTest.verifyWithoutProduct() on instance com.tutorialninja.testcases.SearchTest@3e694b3f depends on not successfully finished methods 
[com.tutorialninja.testcases.SearchTest.VerifyWithInvalidProduct() on instance com.tutorialninja.testcases.SearchTest@3e694b3f]]]>
            </message>
            <full-stacktrace>
              <![CDATA[java.lang.Throwable: Method com.tutorialninja.testcases.SearchTest.verifyWithoutProduct() on instance com.tutorialninja.testcases.SearchTest@3e694b3f depends on not successfully finished methods 
[com.tutorialninja.testcases.SearchTest.VerifyWithInvalidProduct() on instance com.tutorialninja.testcases.SearchTest@3e694b3f]
at org.testng.internal.invokers.TestInvoker.invokeTestMethods(TestInvoker.java:159)
at org.testng.internal.invokers.TestMethodWorker.invokeTestMethods(TestMethodWorker.java:154)
at org.testng.internal.invokers.TestMethodWorker.run(TestMethodWorker.java:134)
at java.base/java.util.ArrayList.forEach(ArrayList.java:1596)
at org.testng.TestRunner.privateRun(TestRunner.java:741)
at org.testng.TestRunner.run(TestRunner.java:616)
at org.testng.SuiteRunner.runTest(SuiteRunner.java:421)
at org.testng.SuiteRunner.runSequentially(SuiteRunner.java:413)
at org.testng.SuiteRunner.privateRun(SuiteRunner.java:373)
at org.testng.SuiteRunner.run(SuiteRunner.java:312)
at org.testng.SuiteRunnerWorker.runSuite(SuiteRunnerWorker.java:52)
at org.testng.SuiteRunnerWorker.run(SuiteRunnerWorker.java:95)
at org.testng.TestNG.runSuitesSequentially(TestNG.java:1274)
at org.testng.TestNG.runSuitesLocally(TestNG.java:1208)
at org.testng.TestNG.runSuites(TestNG.java:1112)
at org.testng.TestNG.run(TestNG.java:1079)
at org.apache.maven.surefire.testng.TestNGExecutor.run(TestNGExecutor.java:308)
at org.apache.maven.surefire.testng.TestNGXmlTestSuite.execute(TestNGXmlTestSuite.java:71)
at org.apache.maven.surefire.testng.TestNGProvider.invoke(TestNGProvider.java:113)
at org.apache.maven.surefire.booter.ForkedBooter.runSuitesInProcess(ForkedBooter.java:385)
at org.apache.maven.surefire.booter.ForkedBooter.execute(ForkedBooter.java:162)
at org.apache.maven.surefire.booter.ForkedBooter.run(ForkedBooter.java:507)
at org.apache.maven.surefire.booter.ForkedBooter.main(ForkedBooter.java:495)
]]>
            </full-stacktrace>
          </exception> <!-- java.lang.Throwable -->
          <reporter-output>
          </reporter-output>
        </test-method> <!-- verifyWithoutProduct -->
      </class> <!-- com.tutorialninja.testcases.SearchTest -->
      <class name="com.tutorialninja.testcases.LoginTest">
        <test-method is-config="true" signature="setup()[pri:0, instance:com.tutorialninja.testcases.LoginTest@34123d65]" started-at="2025-07-22T19:14:24 IST" name="setup" finished-at="2025-07-22T19:14:27 IST" duration-ms="2727" status="PASS">
          <reporter-output>
          </reporter-output>
        </test-method> <!-- setup -->
        <test-method signature="loginWithValidCredentials(java.lang.String,java.lang.String)[pri:1, instance:com.tutorialninja.testcases.LoginTest@34123d65]" started-at="2025-07-22T19:14:27 IST" name="loginWithValidCredentials" data-provider="DataSupplier" finished-at="2025-07-22T19:14:28 IST" duration-ms="940" status="PASS">
          <params>
            <param index="0">
              <value>
                <![CDATA[jajatest123@gmail.com]]>
              </value>
            </param>
            <param index="1">
              <value>
                <![CDATA[12345]]>
              </value>
            </param>
          </params>
          <reporter-output>
          </reporter-output>
        </test-method> <!-- loginWithValidCredentials -->
        <test-method is-config="true" signature="teatDown()[pri:0, instance:com.tutorialninja.testcases.LoginTest@34123d65]" started-at="2025-07-22T19:14:28 IST" name="teatDown" finished-at="2025-07-22T19:14:28 IST" duration-ms="292" status="PASS">
          <reporter-output>
          </reporter-output>
        </test-method> <!-- teatDown -->
        <test-method is-config="true" signature="setup()[pri:0, instance:com.tutorialninja.testcases.LoginTest@34123d65]" started-at="2025-07-22T19:14:28 IST" name="setup" finished-at="2025-07-22T19:14:31 IST" duration-ms="2963" status="PASS">
          <reporter-output>
          </reporter-output>
        </test-method> <!-- setup -->
        <test-method signature="loginWithValidCredentials(java.lang.String,java.lang.String)[pri:1, instance:com.tutorialninja.testcases.LoginTest@34123d65]" started-at="2025-07-22T19:14:31 IST" name="loginWithValidCredentials" data-provider="DataSupplier" finished-at="2025-07-22T19:14:32 IST" duration-ms="1049" status="PASS">
          <params>
            <param index="0">
              <value>
                <![CDATA[jajatest124@gmail.com]]>
              </value>
            </param>
            <param index="1">
              <value>
                <![CDATA[12345]]>
              </value>
            </param>
          </params>
          <reporter-output>
          </reporter-output>
        </test-method> <!-- loginWithValidCredentials -->
        <test-method is-config="true" signature="teatDown()[pri:0, instance:com.tutorialninja.testcases.LoginTest@34123d65]" started-at="2025-07-22T19:14:32 IST" name="teatDown" finished-at="2025-07-22T19:14:33 IST" duration-ms="278" status="PASS">
          <reporter-output>
          </reporter-output>
        </test-method> <!-- teatDown -->
        <test-method is-config="true" signature="setup()[pri:0, instance:com.tutorialninja.testcases.LoginTest@34123d65]" started-at="2025-07-22T19:14:33 IST" name="setup" finished-at="2025-07-22T19:14:36 IST" duration-ms="2798" status="PASS">
          <reporter-output>
          </reporter-output>
        </test-method> <!-- setup -->
        <test-method signature="loginWithValidCredentials(java.lang.String,java.lang.String)[pri:1, instance:com.tutorialninja.testcases.LoginTest@34123d65]" started-at="2025-07-22T19:14:36 IST" name="loginWithValidCredentials" data-provider="DataSupplier" finished-at="2025-07-22T19:14:37 IST" duration-ms="1042" status="PASS">
          <params>
            <param index="0">
              <value>
                <![CDATA[jajatest125@gmail.com]]>
              </value>
            </param>
            <param index="1">
              <value>
                <![CDATA[12345]]>
              </value>
            </param>
          </params>
          <reporter-output>
          </reporter-output>
        </test-method> <!-- loginWithValidCredentials -->
        <test-method is-config="true" signature="teatDown()[pri:0, instance:com.tutorialninja.testcases.LoginTest@34123d65]" started-at="2025-07-22T19:14:37 IST" name="teatDown" finished-at="2025-07-22T19:14:37 IST" duration-ms="285" status="PASS">
          <reporter-output>
          </reporter-output>
        </test-method> <!-- teatDown -->
        <test-method is-config="true" signature="setup()[pri:0, instance:com.tutorialninja.testcases.LoginTest@34123d65]" started-at="2025-07-22T19:14:37 IST" name="setup" finished-at="2025-07-22T19:14:40 IST" duration-ms="2790" status="PASS">
          <reporter-output>
          </reporter-output>
        </test-method> <!-- setup -->
        <test-method signature="loginWithInvalidCredentials()[pri:2, instance:com.tutorialninja.testcases.LoginTest@34123d65]" started-at="2025-07-22T19:14:40 IST" name="loginWithInvalidCredentials" finished-at="2025-07-22T19:14:41 IST" duration-ms="1157" status="PASS">
          <reporter-output>
          </reporter-output>
        </test-method> <!-- loginWithInvalidCredentials -->
        <test-method is-config="true" signature="teatDown()[pri:0, instance:com.tutorialninja.testcases.LoginTest@34123d65]" started-at="2025-07-22T19:14:41 IST" name="teatDown" finished-at="2025-07-22T19:14:41 IST" duration-ms="256" status="PASS">
          <reporter-output>
          </reporter-output>
        </test-method> <!-- teatDown -->
        <test-method is-config="true" signature="setup()[pri:0, instance:com.tutorialninja.testcases.LoginTest@34123d65]" started-at="2025-07-22T19:14:41 IST" name="setup" finished-at="2025-07-22T19:14:44 IST" duration-ms="2779" status="PASS">
          <reporter-output>
          </reporter-output>
        </test-method> <!-- setup -->
        <test-method signature="verifyWithValidEmailAndInvalidPassword()[pri:3, instance:com.tutorialninja.testcases.LoginTest@34123d65]" started-at="2025-07-22T19:14:44 IST" name="verifyWithValidEmailAndInvalidPassword" finished-at="2025-07-22T19:14:45 IST" duration-ms="824" status="PASS">
          <reporter-output>
          </reporter-output>
        </test-method> <!-- verifyWithValidEmailAndInvalidPassword -->
        <test-method is-config="true" signature="teatDown()[pri:0, instance:com.tutorialninja.testcases.LoginTest@34123d65]" started-at="2025-07-22T19:14:45 IST" name="teatDown" finished-at="2025-07-22T19:14:45 IST" duration-ms="264" status="PASS">
          <reporter-output>
          </reporter-output>
        </test-method> <!-- teatDown -->
        <test-method is-config="true" signature="setup()[pri:0, instance:com.tutorialninja.testcases.LoginTest@34123d65]" started-at="2025-07-22T19:14:45 IST" name="setup" finished-at="2025-07-22T19:14:48 IST" duration-ms="2787" status="PASS">
          <reporter-output>
          </reporter-output>
        </test-method> <!-- setup -->
        <test-method signature="verifyWithInalidEmailAndValidPassword()[pri:4, instance:com.tutorialninja.testcases.LoginTest@34123d65]" started-at="2025-07-22T19:14:48 IST" name="verifyWithInalidEmailAndValidPassword" finished-at="2025-07-22T19:14:49 IST" duration-ms="835" status="PASS">
          <reporter-output>
          </reporter-output>
        </test-method> <!-- verifyWithInalidEmailAndValidPassword -->
        <test-method is-config="true" signature="teatDown()[pri:0, instance:com.tutorialninja.testcases.LoginTest@34123d65]" started-at="2025-07-22T19:14:49 IST" name="teatDown" finished-at="2025-07-22T19:14:49 IST" duration-ms="295" status="PASS">
          <reporter-output>
          </reporter-output>
        </test-method> <!-- teatDown -->
      </class> <!-- com.tutorialninja.testcases.LoginTest -->
    </test> <!-- Test -->
  </suite> <!-- Suite -->
</testng-results>
